<?xml version="1.0" encoding="UTF-8"?>
<testng-results skipped="0" failed="0" ignored="0" total="2" passed="2">
  <reporter-output>
  </reporter-output>
  <suite name="Default suite" duration-ms="22869" started-at="2018-03-02T06:33:40Z" finished-at="2018-03-02T06:34:03Z">
    <groups>
    </groups>
    <test name="Default test" duration-ms="22869" started-at="2018-03-02T06:33:40Z" finished-at="2018-03-02T06:34:03Z">
      <class name="APItest.APItest.APItest">
        <test-method status="PASS" signature="TokenGenerate()[pri:0, instance:APItest.APItest.APItest@26be92ad]" name="TokenGenerate" is-config="true" duration-ms="1116" started-at="2018-03-02T12:18:40Z" finished-at="2018-03-02T12:18:41Z">
          <reporter-output>
          </reporter-output>
        </test-method> <!-- TokenGenerate -->
        <test-method status="PASS" signature="LoginAPI()[pri:0, instance:APItest.APItest.APItest@26be92ad]" name="LoginAPI" duration-ms="492" started-at="2018-03-02T12:18:41Z" finished-at="2018-03-02T12:18:42Z">
          <reporter-output>
          </reporter-output>
        </test-method> <!-- LoginAPI -->
        <test-method status="PASS" signature="set()[pri:0, instance:APItest.APItest.APItest@26be92ad]" name="set" duration-ms="21245" started-at="2018-03-02T12:18:42Z" finished-at="2018-03-02T12:19:03Z">
          <reporter-output>
          </reporter-output>
        </test-method> <!-- set -->
      </class> <!-- APItest.APItest.APItest -->
    </test> <!-- Default test -->
  </suite> <!-- Default suite -->
</testng-results>
